[ 2014-10-29T14:23:03+08:00 ] ::1 /Jczd/
INFO: [ app_init ] --START--
INFO: Run Behavior\BuildLiteBehavior [ RunTime:0.000027s ]
INFO: [ app_init ] --END-- [ RunTime:0.000751s ]
INFO: [ app_begin ] --START--
INFO: Run Behavior\ReadHtmlCacheBehavior [ RunTime:0.000929s ]
INFO: [ app_begin ] --END-- [ RunTime:0.001017s ]
NOTIC: [8192] mysql_connect(): The mysql extension is deprecated and will be removed in the future: use mysqli or PDO instead /Users/zhanghonglun/Desktop/git_pro/Jczd/ThinkPHP/Library/Think/Db/Driver/Mysql.class.php 第 52 行.
SQL: SHOW COLUMNS FROM `ea_function` [ RunTime:0.123474s ]
SQL: SELECT `id`,`title`,`updated_at` FROM `ea_function` ORDER BY id desc LIMIT 6   [ RunTime:0.000746s ]
SQL: SHOW COLUMNS FROM `ea_info` [ RunTime:0.002400s ]
SQL: SELECT `id`,`title`,`updated_at` FROM `ea_info` ORDER BY id desc LIMIT 6   [ RunTime:0.000265s ]
SQL: SHOW COLUMNS FROM `ea_news` [ RunTime:0.009142s ]
SQL: SELECT `id`,`title`,`updated_at` FROM `ea_news` ORDER BY id desc LIMIT 6   [ RunTime:0.000291s ]
SQL: SHOW COLUMNS FROM `ea_notice` [ RunTime:0.014492s ]
SQL: SELECT `id`,`title`,`updated_at` FROM `ea_notice` ORDER BY id desc LIMIT 6   [ RunTime:0.000302s ]
SQL: SHOW COLUMNS FROM `ea_policy` [ RunTime:0.018475s ]
SQL: SELECT `id`,`title`,`updated_at` FROM `ea_policy` ORDER BY id desc LIMIT 6   [ RunTime:0.000271s ]
SQL: SHOW COLUMNS FROM `ea_report` [ RunTime:0.002407s ]
SQL: SELECT `id`,`title`,`updated_at` FROM `ea_report` ORDER BY id desc LIMIT 6   [ RunTime:0.000473s ]
SQL: SHOW COLUMNS FROM `ea_law` [ RunTime:0.002284s ]
SQL: SELECT `id`,`title`,`updated_at` FROM `ea_law` ORDER BY id desc LIMIT 6   [ RunTime:0.000184s ]
SQL: SHOW COLUMNS FROM `ea_banner` [ RunTime:0.030404s ]
SQL: SELECT `id`,`title`,`picture` FROM `ea_banner` ORDER BY id desc LIMIT 5   [ RunTime:0.000255s ]
SQL: SHOW COLUMNS FROM `ea_inform` [ RunTime:0.002264s ]
SQL: SELECT `id`,`image` FROM `ea_inform` ORDER BY id desc LIMIT 1   [ RunTime:0.000162s ]
INFO: [ view_parse ] --START--
INFO: [ template_filter ] --START--
INFO: Run Behavior\ContentReplaceBehavior [ RunTime:0.000098s ]
INFO: [ template_filter ] --END-- [ RunTime:0.000179s ]
INFO: Run Behavior\ParseTemplateBehavior [ RunTime:0.080549s ]
INFO: [ view_parse ] --END-- [ RunTime:0.080671s ]
INFO: [ view_filter ] --START--
INFO: Run Behavior\WriteHtmlCacheBehavior [ RunTime:0.015464s ]
INFO: [ view_filter ] --END-- [ RunTime:0.015569s ]
INFO: [ app_end ] --START--
INFO: Run Behavior\ShowPageTraceBehavior [ RunTime:0.001218s ]
INFO: [ app_end ] --END-- [ RunTime:0.001337s ]

