[ 2014-10-24T21:24:12+08:00 ] ::1 /Jczd/
INFO: [ app_init ] --START--
INFO: Run Behavior\BuildLiteBehavior [ RunTime:0.000027s ]
INFO: [ app_init ] --END-- [ RunTime:0.000818s ]
INFO: [ app_begin ] --START--
INFO: Run Behavior\ReadHtmlCacheBehavior [ RunTime:0.001953s ]
INFO: [ app_begin ] --END-- [ RunTime:0.002170s ]
NOTIC: [8192] mysql_connect(): The mysql extension is deprecated and will be removed in the future: use mysqli or PDO instead /Users/zhanghonglun/Desktop/git_pro/Jczd/ThinkPHP/Library/Think/Db/Driver/Mysql.class.php 第 52 行.
NOTIC: [2] mysql_connect(): Can't connect to MySQL server on '127.0.0.1' (61) /Users/zhanghonglun/Desktop/git_pro/Jczd/ThinkPHP/Library/Think/Db/Driver/Mysql.class.php 第 52 行.
ERR: Can't connect to MySQL server on '127.0.0.1' (61)

[ 2014-10-24T21:25:03+08:00 ] ::1 /Jczd/
INFO: [ app_init ] --START--
INFO: Run Behavior\BuildLiteBehavior [ RunTime:0.000019s ]
INFO: [ app_init ] --END-- [ RunTime:0.000363s ]
INFO: [ app_begin ] --START--
INFO: Run Behavior\ReadHtmlCacheBehavior [ RunTime:0.000451s ]
INFO: [ app_begin ] --END-- [ RunTime:0.000512s ]
NOTIC: [8192] mysql_connect(): The mysql extension is deprecated and will be removed in the future: use mysqli or PDO instead /Users/zhanghonglun/Desktop/git_pro/Jczd/ThinkPHP/Library/Think/Db/Driver/Mysql.class.php 第 52 行.
NOTIC: [2] mysql_connect(): Can't connect to MySQL server on '127.0.0.1' (61) /Users/zhanghonglun/Desktop/git_pro/Jczd/ThinkPHP/Library/Think/Db/Driver/Mysql.class.php 第 52 行.
ERR: Can't connect to MySQL server on '127.0.0.1' (61)

[ 2014-10-24T21:25:05+08:00 ] ::1 /Jczd/
INFO: [ app_init ] --START--
INFO: Run Behavior\BuildLiteBehavior [ RunTime:0.000018s ]
INFO: [ app_init ] --END-- [ RunTime:0.000355s ]
INFO: [ app_begin ] --START--
INFO: Run Behavior\ReadHtmlCacheBehavior [ RunTime:0.000447s ]
INFO: [ app_begin ] --END-- [ RunTime:0.000509s ]
NOTIC: [8192] mysql_connect(): The mysql extension is deprecated and will be removed in the future: use mysqli or PDO instead /Users/zhanghonglun/Desktop/git_pro/Jczd/ThinkPHP/Library/Think/Db/Driver/Mysql.class.php 第 52 行.
NOTIC: [2] mysql_connect(): Can't connect to MySQL server on '127.0.0.1' (61) /Users/zhanghonglun/Desktop/git_pro/Jczd/ThinkPHP/Library/Think/Db/Driver/Mysql.class.php 第 52 行.
ERR: Can't connect to MySQL server on '127.0.0.1' (61)

[ 2014-10-24T21:27:14+08:00 ] ::1 /Jczd/
INFO: [ app_init ] --START--
INFO: Run Behavior\BuildLiteBehavior [ RunTime:0.000021s ]
INFO: [ app_init ] --END-- [ RunTime:0.000390s ]
INFO: [ app_begin ] --START--
INFO: Run Behavior\ReadHtmlCacheBehavior [ RunTime:0.000528s ]
INFO: [ app_begin ] --END-- [ RunTime:0.000611s ]
NOTIC: [8192] mysql_connect(): The mysql extension is deprecated and will be removed in the future: use mysqli or PDO instead /Users/zhanghonglun/Desktop/git_pro/Jczd/ThinkPHP/Library/Think/Db/Driver/Mysql.class.php 第 52 行.
NOTIC: [2] mysql_connect(): Can't connect to MySQL server on '127.0.0.1' (61) /Users/zhanghonglun/Desktop/git_pro/Jczd/ThinkPHP/Library/Think/Db/Driver/Mysql.class.php 第 52 行.
ERR: Can't connect to MySQL server on '127.0.0.1' (61)

[ 2014-10-24T21:29:07+08:00 ] ::1 /Jczd/
INFO: [ app_init ] --START--
INFO: Run Behavior\BuildLiteBehavior [ RunTime:0.000022s ]
INFO: [ app_init ] --END-- [ RunTime:0.000410s ]
INFO: [ app_begin ] --START--
INFO: Run Behavior\ReadHtmlCacheBehavior [ RunTime:0.000482s ]
INFO: [ app_begin ] --END-- [ RunTime:0.000545s ]
NOTIC: [8192] mysql_connect(): The mysql extension is deprecated and will be removed in the future: use mysqli or PDO instead /Users/zhanghonglun/Desktop/git_pro/Jczd/ThinkPHP/Library/Think/Db/Driver/Mysql.class.php 第 52 行.
SQL: SHOW COLUMNS FROM `ea_function` [ RunTime:0.002202s ]
SQL: SELECT `id`,`title`,`updated_at` FROM `ea_function` ORDER BY id desc LIMIT 6   [ RunTime:0.000255s ]
SQL: SHOW COLUMNS FROM `ea_info` [ RunTime:0.001300s ]
SQL: SELECT `id`,`title`,`updated_at` FROM `ea_info` ORDER BY id desc LIMIT 6   [ RunTime:0.000191s ]
SQL: SHOW COLUMNS FROM `ea_news` [ RunTime:0.001382s ]
SQL: SELECT `id`,`title`,`updated_at` FROM `ea_news` ORDER BY id desc LIMIT 6   [ RunTime:0.000310s ]
SQL: SHOW COLUMNS FROM `ea_notice` [ RunTime:0.001474s ]
SQL: SELECT `id`,`title`,`updated_at` FROM `ea_notice` ORDER BY id desc LIMIT 6   [ RunTime:0.000187s ]
SQL: SHOW COLUMNS FROM `ea_policy` [ RunTime:0.001186s ]
SQL: SELECT `id`,`title`,`updated_at` FROM `ea_policy` ORDER BY id desc LIMIT 6   [ RunTime:0.000194s ]
SQL: SHOW COLUMNS FROM `ea_report` [ RunTime:0.001165s ]
SQL: SELECT `id`,`title`,`updated_at` FROM `ea_report` ORDER BY id desc LIMIT 6   [ RunTime:0.000154s ]
SQL: SHOW COLUMNS FROM `ea_law` [ RunTime:0.001128s ]
SQL: SELECT `id`,`title`,`updated_at` FROM `ea_law` ORDER BY id desc LIMIT 6   [ RunTime:0.000149s ]
SQL: SHOW COLUMNS FROM `ea_banner` [ RunTime:0.001247s ]
SQL: SELECT `id`,`title`,`picture` FROM `ea_banner` ORDER BY id desc LIMIT 5   [ RunTime:0.000138s ]
SQL: SHOW COLUMNS FROM `ea_inform` [ RunTime:0.001263s ]
SQL: SELECT `id`,`image` FROM `ea_inform` ORDER BY id desc LIMIT 1   [ RunTime:0.000136s ]
INFO: [ view_parse ] --START--
INFO: [ template_filter ] --START--
INFO: Run Behavior\ContentReplaceBehavior [ RunTime:0.000079s ]
INFO: [ template_filter ] --END-- [ RunTime:0.000154s ]
INFO: Run Behavior\ParseTemplateBehavior [ RunTime:0.022747s ]
INFO: [ view_parse ] --END-- [ RunTime:0.022823s ]
INFO: [ view_filter ] --START--
INFO: Run Behavior\WriteHtmlCacheBehavior [ RunTime:0.000158s ]
INFO: [ view_filter ] --END-- [ RunTime:0.000216s ]
INFO: [ app_end ] --START--
INFO: Run Behavior\ShowPageTraceBehavior [ RunTime:0.000650s ]
INFO: [ app_end ] --END-- [ RunTime:0.000741s ]

