[ 2014-11-21T13:39:34+08:00 ] ::1 /Jczd/
INFO: [ app_init ] --START--
INFO: Run Behavior\BuildLiteBehavior [ RunTime:0.000033s ]
INFO: [ app_init ] --END-- [ RunTime:0.000948s ]
INFO: [ app_begin ] --START--
INFO: Run Behavior\ReadHtmlCacheBehavior [ RunTime:0.001025s ]
INFO: [ app_begin ] --END-- [ RunTime:0.001153s ]
NOTIC: [8192] mysql_connect(): The mysql extension is deprecated and will be removed in the future: use mysqli or PDO instead /Users/zhanghonglun/Desktop/git_pro/Jczd/ThinkPHP/Library/Think/Db/Driver/Mysql.class.php 第 52 行.
NOTIC: [2] mysql_connect(): Access denied for user 'root'@'localhost' (using password: NO) /Users/zhanghonglun/Desktop/git_pro/Jczd/ThinkPHP/Library/Think/Db/Driver/Mysql.class.php 第 52 行.
ERR: Access denied for user 'root'@'localhost' (using password: NO)

[ 2014-11-21T13:40:36+08:00 ] ::1 /Jczd/
INFO: [ app_init ] --START--
INFO: Run Behavior\BuildLiteBehavior [ RunTime:0.000022s ]
INFO: [ app_init ] --END-- [ RunTime:0.000464s ]
INFO: [ app_begin ] --START--
INFO: Run Behavior\ReadHtmlCacheBehavior [ RunTime:0.000515s ]
INFO: [ app_begin ] --END-- [ RunTime:0.000579s ]
NOTIC: [8192] mysql_connect(): The mysql extension is deprecated and will be removed in the future: use mysqli or PDO instead /Users/zhanghonglun/Desktop/git_pro/Jczd/ThinkPHP/Library/Think/Db/Driver/Mysql.class.php 第 52 行.
SQL: SHOW COLUMNS FROM `ea_function` [ RunTime:0.034357s ]
SQL: SELECT `id`,`title`,`updated_at` FROM `ea_function` ORDER BY id desc LIMIT 6   [ RunTime:0.009335s ]
SQL: SHOW COLUMNS FROM `ea_info` [ RunTime:0.003815s ]
SQL: SELECT `id`,`title`,`updated_at` FROM `ea_info` ORDER BY id desc LIMIT 6   [ RunTime:0.000319s ]
SQL: SHOW COLUMNS FROM `ea_news` [ RunTime:0.016946s ]
SQL: SELECT `id`,`title`,`updated_at` FROM `ea_news` ORDER BY id desc LIMIT 6   [ RunTime:0.000571s ]
SQL: SHOW COLUMNS FROM `ea_notice` [ RunTime:0.003512s ]
SQL: SELECT `id`,`title`,`updated_at` FROM `ea_notice` ORDER BY id desc LIMIT 6   [ RunTime:0.000370s ]
SQL: SHOW COLUMNS FROM `ea_policy` [ RunTime:0.003136s ]
SQL: SELECT `id`,`title`,`updated_at` FROM `ea_policy` ORDER BY id desc LIMIT 6   [ RunTime:0.000356s ]
SQL: SHOW COLUMNS FROM `ea_report` [ RunTime:0.035006s ]
SQL: SELECT `id`,`title`,`updated_at` FROM `ea_report` ORDER BY id desc LIMIT 6   [ RunTime:0.000563s ]
SQL: SHOW COLUMNS FROM `ea_law` [ RunTime:0.003438s ]
SQL: SELECT `id`,`title`,`updated_at` FROM `ea_law` ORDER BY id desc LIMIT 6   [ RunTime:0.000356s ]
SQL: SHOW COLUMNS FROM `ea_banner` [ RunTime:0.020200s ]
SQL: SELECT `id`,`title`,`picture` FROM `ea_banner` ORDER BY id desc LIMIT 5   [ RunTime:0.000382s ]
SQL: SHOW COLUMNS FROM `ea_inform` [ RunTime:0.003542s ]
SQL: SELECT `id`,`image` FROM `ea_inform` ORDER BY id desc LIMIT 1   [ RunTime:0.000290s ]
INFO: [ view_parse ] --START--
INFO: [ template_filter ] --START--
INFO: Run Behavior\ContentReplaceBehavior [ RunTime:0.000095s ]
INFO: [ template_filter ] --END-- [ RunTime:0.000173s ]
INFO: Run Behavior\ParseTemplateBehavior [ RunTime:0.070502s ]
INFO: [ view_parse ] --END-- [ RunTime:0.070586s ]
INFO: [ view_filter ] --START--
INFO: Run Behavior\WriteHtmlCacheBehavior [ RunTime:0.015292s ]
INFO: [ view_filter ] --END-- [ RunTime:0.015470s ]
INFO: [ app_end ] --START--
INFO: Run Behavior\ShowPageTraceBehavior [ RunTime:0.002198s ]
INFO: [ app_end ] --END-- [ RunTime:0.002426s ]

[ 2014-11-21T13:47:35+08:00 ] ::1 /Jczd/
INFO: [ app_init ] --START--
INFO: Run Behavior\BuildLiteBehavior [ RunTime:0.000024s ]
INFO: [ app_init ] --END-- [ RunTime:0.000516s ]
INFO: [ app_begin ] --START--
INFO: Run Behavior\ReadHtmlCacheBehavior [ RunTime:0.000588s ]
INFO: [ app_begin ] --END-- [ RunTime:0.000670s ]
NOTIC: [8192] mysql_connect(): The mysql extension is deprecated and will be removed in the future: use mysqli or PDO instead /Users/zhanghonglun/Desktop/git_pro/Jczd/ThinkPHP/Library/Think/Db/Driver/Mysql.class.php 第 52 行.
SQL: SHOW COLUMNS FROM `ea_function` [ RunTime:0.001392s ]
SQL: SELECT `id`,`title`,`updated_at` FROM `ea_function` ORDER BY id desc LIMIT 6   [ RunTime:0.000183s ]
SQL: SHOW COLUMNS FROM `ea_info` [ RunTime:0.001209s ]
SQL: SELECT `id`,`title`,`updated_at` FROM `ea_info` ORDER BY id desc LIMIT 6   [ RunTime:0.000151s ]
SQL: SHOW COLUMNS FROM `ea_news` [ RunTime:0.001141s ]
SQL: SELECT `id`,`title`,`updated_at` FROM `ea_news` ORDER BY id desc LIMIT 6   [ RunTime:0.000159s ]
SQL: SHOW COLUMNS FROM `ea_notice` [ RunTime:0.001160s ]
SQL: SELECT `id`,`title`,`updated_at` FROM `ea_notice` ORDER BY id desc LIMIT 6   [ RunTime:0.000137s ]
SQL: SHOW COLUMNS FROM `ea_policy` [ RunTime:0.001132s ]
SQL: SELECT `id`,`title`,`updated_at` FROM `ea_policy` ORDER BY id desc LIMIT 6   [ RunTime:0.000191s ]
SQL: SHOW COLUMNS FROM `ea_report` [ RunTime:0.001261s ]
SQL: SELECT `id`,`title`,`updated_at` FROM `ea_report` ORDER BY id desc LIMIT 6   [ RunTime:0.000178s ]
SQL: SHOW COLUMNS FROM `ea_law` [ RunTime:0.001158s ]
SQL: SELECT `id`,`title`,`updated_at` FROM `ea_law` ORDER BY id desc LIMIT 6   [ RunTime:0.000228s ]
SQL: SHOW COLUMNS FROM `ea_banner` [ RunTime:0.001458s ]
SQL: SELECT `id`,`title`,`picture` FROM `ea_banner` ORDER BY id desc LIMIT 5   [ RunTime:0.000247s ]
SQL: SHOW COLUMNS FROM `ea_inform` [ RunTime:0.001456s ]
SQL: SELECT `id`,`image` FROM `ea_inform` ORDER BY id desc LIMIT 1   [ RunTime:0.000180s ]
INFO: [ view_parse ] --START--
INFO: [ template_filter ] --START--
INFO: Run Behavior\ContentReplaceBehavior [ RunTime:0.000098s ]
INFO: [ template_filter ] --END-- [ RunTime:0.000178s ]
INFO: Run Behavior\ParseTemplateBehavior [ RunTime:0.025289s ]
INFO: [ view_parse ] --END-- [ RunTime:0.025399s ]
INFO: [ view_filter ] --START--
INFO: Run Behavior\WriteHtmlCacheBehavior [ RunTime:0.000266s ]
INFO: [ view_filter ] --END-- [ RunTime:0.000359s ]
INFO: [ app_end ] --START--
INFO: Run Behavior\ShowPageTraceBehavior [ RunTime:0.000903s ]
INFO: [ app_end ] --END-- [ RunTime:0.001016s ]

[ 2014-11-21T13:53:03+08:00 ] ::1 /Jczd/
INFO: [ app_init ] --START--
INFO: Run Behavior\BuildLiteBehavior [ RunTime:0.000017s ]
INFO: [ app_init ] --END-- [ RunTime:0.000362s ]
INFO: [ app_begin ] --START--
INFO: Run Behavior\ReadHtmlCacheBehavior [ RunTime:0.000497s ]
INFO: [ app_begin ] --END-- [ RunTime:0.000559s ]
NOTIC: [8192] mysql_connect(): The mysql extension is deprecated and will be removed in the future: use mysqli or PDO instead /Users/zhanghonglun/Desktop/git_pro/Jczd/ThinkPHP/Library/Think/Db/Driver/Mysql.class.php 第 52 行.
SQL: SHOW COLUMNS FROM `ea_function` [ RunTime:0.002326s ]
SQL: SELECT `id`,`title`,`updated_at` FROM `ea_function` ORDER BY id desc LIMIT 6   [ RunTime:0.000285s ]
SQL: SHOW COLUMNS FROM `ea_info` [ RunTime:0.001271s ]
SQL: SELECT `id`,`title`,`updated_at` FROM `ea_info` ORDER BY id desc LIMIT 6   [ RunTime:0.000151s ]
SQL: SHOW COLUMNS FROM `ea_news` [ RunTime:0.001266s ]
SQL: SELECT `id`,`title`,`updated_at` FROM `ea_news` ORDER BY id desc LIMIT 6   [ RunTime:0.000254s ]
SQL: SHOW COLUMNS FROM `ea_notice` [ RunTime:0.001230s ]
SQL: SELECT `id`,`title`,`updated_at` FROM `ea_notice` ORDER BY id desc LIMIT 6   [ RunTime:0.000241s ]
SQL: SHOW COLUMNS FROM `ea_policy` [ RunTime:0.001492s ]
SQL: SELECT `id`,`title`,`updated_at` FROM `ea_policy` ORDER BY id desc LIMIT 6   [ RunTime:0.000194s ]
SQL: SHOW COLUMNS FROM `ea_report` [ RunTime:0.001393s ]
SQL: SELECT `id`,`title`,`updated_at` FROM `ea_report` ORDER BY id desc LIMIT 6   [ RunTime:0.000170s ]
SQL: SHOW COLUMNS FROM `ea_law` [ RunTime:0.001248s ]
SQL: SELECT `id`,`title`,`updated_at` FROM `ea_law` ORDER BY id desc LIMIT 6   [ RunTime:0.000143s ]
SQL: SHOW COLUMNS FROM `ea_banner` [ RunTime:0.001324s ]
SQL: SELECT `id`,`title`,`picture` FROM `ea_banner` ORDER BY id desc LIMIT 5   [ RunTime:0.000139s ]
SQL: SHOW COLUMNS FROM `ea_inform` [ RunTime:0.001238s ]
SQL: SELECT `id`,`image` FROM `ea_inform` ORDER BY id desc LIMIT 1   [ RunTime:0.000148s ]
INFO: [ view_parse ] --START--
INFO: [ template_filter ] --START--
INFO: Run Behavior\ContentReplaceBehavior [ RunTime:0.000098s ]
INFO: [ template_filter ] --END-- [ RunTime:0.000196s ]
INFO: Run Behavior\ParseTemplateBehavior [ RunTime:0.026194s ]
INFO: [ view_parse ] --END-- [ RunTime:0.026282s ]
INFO: [ view_filter ] --START--
INFO: Run Behavior\WriteHtmlCacheBehavior [ RunTime:0.000191s ]
INFO: [ view_filter ] --END-- [ RunTime:0.000251s ]
INFO: [ app_end ] --START--
INFO: Run Behavior\ShowPageTraceBehavior [ RunTime:0.000631s ]
INFO: [ app_end ] --END-- [ RunTime:0.000721s ]

