[ 2014-11-09T10:06:31+08:00 ] 127.0.0.1 /Jczd/admin.php/Inform/index.html
INFO: [ app_init ] --START--
INFO: Run Behavior\BuildLiteBehavior [ RunTime:0.000042s ]
INFO: [ app_init ] --END-- [ RunTime:0.000259s ]
INFO: [ app_begin ] --START--
INFO: Run Behavior\ReadHtmlCacheBehavior [ RunTime:0.001162s ]
INFO: [ app_begin ] --END-- [ RunTime:0.001325s ]
SQL: SHOW COLUMNS FROM `ea_admin` [ RunTime:0.005801s ]
SQL: SELECT * FROM `ea_admin` WHERE ( `id` = 1 ) AND ( `is_super` = 1 ) LIMIT 1   [ RunTime:0.000362s ]
NOTIC: [2] Missing argument 2 for Home\Service\CommonService::resultReturn(), called in D:\wamp\www\Jczd\Admin\Home\Service\AdminService.class.php on line 161 and defined D:\wamp\www\Jczd\Admin\Home\Service\CommonService.class.php 第 60 行.
NOTIC: [8] Undefined variable: data D:\wamp\www\Jczd\Admin\Home\Service\CommonService.class.php 第 62 行.
NOTIC: [8] Undefined index: _ACCESS_LIST D:\wamp\www\Jczd\Admin\Home\Controller\CommonController.class.php 第 184 行.
SQL: select node.id,node.name from ea_role as role,ea_role_admin as user,ea_access as access ,ea_node as node where user.user_id='1' and user.role_id=role.id and ( access.role_id=role.id  or (access.role_id=role.pid and role.pid!=0 ) ) and role.status=1 and access.node_id=node.id and node.level=1 and node.status=1 [ RunTime:0.000556s ]
NOTIC: [8] Undefined index: ADMIN D:\wamp\www\Jczd\Admin\Home\Controller\CommonController.class.php 第 226 行.
NOTIC: [8] Undefined index: ADMIN D:\wamp\www\Jczd\Admin\Home\Controller\CommonController.class.php 第 226 行.
NOTIC: [8] Undefined index: ADMIN D:\wamp\www\Jczd\Admin\Home\Controller\CommonController.class.php 第 226 行.
NOTIC: [8] Undefined index: ADMIN D:\wamp\www\Jczd\Admin\Home\Controller\CommonController.class.php 第 226 行.
NOTIC: [8] Undefined index: ADMIN D:\wamp\www\Jczd\Admin\Home\Controller\CommonController.class.php 第 226 行.
NOTIC: [8] Undefined index: ADMIN D:\wamp\www\Jczd\Admin\Home\Controller\CommonController.class.php 第 226 行.
NOTIC: [8] Undefined index: ADMIN D:\wamp\www\Jczd\Admin\Home\Controller\CommonController.class.php 第 226 行.
NOTIC: [8] Undefined index: ADMIN D:\wamp\www\Jczd\Admin\Home\Controller\CommonController.class.php 第 226 行.
NOTIC: [8] Undefined index: ADMIN D:\wamp\www\Jczd\Admin\Home\Controller\CommonController.class.php 第 226 行.
NOTIC: [8] Undefined index: ADMIN D:\wamp\www\Jczd\Admin\Home\Controller\CommonController.class.php 第 226 行.
NOTIC: [8] Undefined index: ADMIN D:\wamp\www\Jczd\Admin\Home\Controller\CommonController.class.php 第 243 行.
NOTIC: [2048] Only variables should be passed by reference D:\wamp\www\Jczd\Admin\Home\Controller\CommonController.class.php 第 251 行.
NOTIC: [2048] Only variables should be passed by reference D:\wamp\www\Jczd\Admin\Home\Controller\CommonController.class.php 第 251 行.
SQL: SHOW COLUMNS FROM `ea_model` [ RunTime:0.003150s ]
SQL: SELECT * FROM `ea_model` WHERE ( `tbl_name` = 'ea_inform' ) LIMIT 1   [ RunTime:0.000460s ]
NOTIC: [4096] Argument 1 passed to Home\Service\CommonService::getCount() must be of the type array, null given, called in D:\wamp\www\Jczd\Admin\Home\Controller\CommonController.class.php on line 135 and defined D:\wamp\www\Jczd\Admin\Home\Service\CommonService.class.php 第 13 行.
SQL: SHOW COLUMNS FROM `ea_inform` [ RunTime:0.004027s ]
SQL: SELECT COUNT(*) AS tp_count FROM `ea_inform` LIMIT 1   [ RunTime:0.001541s ]
NOTIC: [2] Missing argument 3 for Org\Util\Page::__construct(), called in D:\wamp\www\Jczd\Admin\Home\Controller\CommonController.class.php on line 137 and defined D:\wamp\www\Jczd\ThinkPHP\Library\Org\Util\Page.class.php 第 46 行.
SQL: SELECT * FROM `ea_inform` ORDER BY id DESC LIMIT 0,10   [ RunTime:0.000354s ]
SQL: SHOW COLUMNS FROM `ea_field` [ RunTime:0.004262s ]
SQL: SELECT * FROM `ea_field` WHERE ( `model_id` = 10 ) AND ( `is_list_show` = 1 )  [ RunTime:0.001240s ]
SQL: SHOW COLUMNS FROM `ea_input` [ RunTime:0.003872s ]
SQL: SELECT * FROM `ea_input` WHERE ( 1=1 AND field_id='57' ) LIMIT 1   [ RunTime:0.000614s ]
SQL: SELECT * FROM `ea_input` WHERE ( 1=1 AND field_id='58' ) LIMIT 1   [ RunTime:0.000472s ]
SQL: SELECT * FROM `ea_input` WHERE ( 1=1 AND field_id='59' ) LIMIT 1   [ RunTime:0.000503s ]
SQL: SELECT * FROM `ea_input` WHERE ( 1=1 AND field_id='60' ) LIMIT 1   [ RunTime:0.000461s ]
SQL: SELECT * FROM `ea_input` WHERE ( 1=1 AND field_id='61' ) LIMIT 1   [ RunTime:0.000616s ]
SQL: SELECT * FROM `ea_input` WHERE ( 1=1 AND field_id='62' ) LIMIT 1   [ RunTime:0.000985s ]
SQL: SELECT * FROM `ea_input` WHERE ( 1=1 AND field_id='63' ) LIMIT 1   [ RunTime:0.001813s ]
INFO: [ view_parse ] --START--
INFO: [ template_filter ] --START--
INFO: Run Behavior\ContentReplaceBehavior [ RunTime:0.000168s ]
INFO: [ template_filter ] --END-- [ RunTime:0.000468s ]
NOTIC: [8] Use of undefined constant current_account - assumed 'current_account' D:\wamp\www\Jczd\Cache\Runtime\Admin\Cache\Home\ac45f0349d1388019370746ee08b2d8d.php 第 67 行.
NOTIC: [8] Use of undefined constant email - assumed 'email' D:\wamp\www\Jczd\Cache\Runtime\Admin\Cache\Home\ac45f0349d1388019370746ee08b2d8d.php 第 67 行.
INFO: Run Behavior\ParseTemplateBehavior [ RunTime:0.039560s ]
INFO: [ view_parse ] --END-- [ RunTime:0.039758s ]
INFO: [ view_filter ] --START--
INFO: Run Behavior\WriteHtmlCacheBehavior [ RunTime:0.000648s ]
INFO: Run Behavior\TokenBuildBehavior [ RunTime:0.006304s ]
INFO: [ view_filter ] --END-- [ RunTime:0.007223s ]
INFO: [ app_end ] --START--
INFO: Run Behavior\ShowPageTraceBehavior [ RunTime:0.001431s ]
INFO: [ app_end ] --END-- [ RunTime:0.001627s ]

[ 2014-11-09T10:06:32+08:00 ] 127.0.0.1 /Jczd/admin.php/Inform/index.html
INFO: [ app_init ] --START--
INFO: Run Behavior\BuildLiteBehavior [ RunTime:0.000029s ]
INFO: [ app_init ] --END-- [ RunTime:0.000147s ]
INFO: [ app_begin ] --START--
INFO: Run Behavior\ReadHtmlCacheBehavior [ RunTime:0.000708s ]
INFO: [ app_begin ] --END-- [ RunTime:0.000812s ]
SQL: SHOW COLUMNS FROM `ea_admin` [ RunTime:0.003756s ]
SQL: SELECT * FROM `ea_admin` WHERE ( `id` = 1 ) AND ( `is_super` = 1 ) LIMIT 1   [ RunTime:0.000849s ]
NOTIC: [2] Missing argument 2 for Home\Service\CommonService::resultReturn(), called in D:\wamp\www\Jczd\Admin\Home\Service\AdminService.class.php on line 161 and defined D:\wamp\www\Jczd\Admin\Home\Service\CommonService.class.php 第 60 行.
NOTIC: [8] Undefined variable: data D:\wamp\www\Jczd\Admin\Home\Service\CommonService.class.php 第 62 行.
NOTIC: [8] Undefined index: _ACCESS_LIST D:\wamp\www\Jczd\Admin\Home\Controller\CommonController.class.php 第 184 行.
SQL: select node.id,node.name from ea_role as role,ea_role_admin as user,ea_access as access ,ea_node as node where user.user_id='1' and user.role_id=role.id and ( access.role_id=role.id  or (access.role_id=role.pid and role.pid!=0 ) ) and role.status=1 and access.node_id=node.id and node.level=1 and node.status=1 [ RunTime:0.000431s ]
NOTIC: [8] Undefined index: ADMIN D:\wamp\www\Jczd\Admin\Home\Controller\CommonController.class.php 第 226 行.
NOTIC: [8] Undefined index: ADMIN D:\wamp\www\Jczd\Admin\Home\Controller\CommonController.class.php 第 226 行.
NOTIC: [8] Undefined index: ADMIN D:\wamp\www\Jczd\Admin\Home\Controller\CommonController.class.php 第 226 行.
NOTIC: [8] Undefined index: ADMIN D:\wamp\www\Jczd\Admin\Home\Controller\CommonController.class.php 第 226 行.
NOTIC: [8] Undefined index: ADMIN D:\wamp\www\Jczd\Admin\Home\Controller\CommonController.class.php 第 226 行.
NOTIC: [8] Undefined index: ADMIN D:\wamp\www\Jczd\Admin\Home\Controller\CommonController.class.php 第 226 行.
NOTIC: [8] Undefined index: ADMIN D:\wamp\www\Jczd\Admin\Home\Controller\CommonController.class.php 第 226 行.
NOTIC: [8] Undefined index: ADMIN D:\wamp\www\Jczd\Admin\Home\Controller\CommonController.class.php 第 226 行.
NOTIC: [8] Undefined index: ADMIN D:\wamp\www\Jczd\Admin\Home\Controller\CommonController.class.php 第 226 行.
NOTIC: [8] Undefined index: ADMIN D:\wamp\www\Jczd\Admin\Home\Controller\CommonController.class.php 第 226 行.
NOTIC: [8] Undefined index: ADMIN D:\wamp\www\Jczd\Admin\Home\Controller\CommonController.class.php 第 243 行.
NOTIC: [2048] Only variables should be passed by reference D:\wamp\www\Jczd\Admin\Home\Controller\CommonController.class.php 第 251 行.
NOTIC: [2048] Only variables should be passed by reference D:\wamp\www\Jczd\Admin\Home\Controller\CommonController.class.php 第 251 行.
SQL: SHOW COLUMNS FROM `ea_model` [ RunTime:0.011242s ]
SQL: SELECT * FROM `ea_model` WHERE ( `tbl_name` = 'ea_inform' ) LIMIT 1   [ RunTime:0.000424s ]
NOTIC: [4096] Argument 1 passed to Home\Service\CommonService::getCount() must be of the type array, null given, called in D:\wamp\www\Jczd\Admin\Home\Controller\CommonController.class.php on line 135 and defined D:\wamp\www\Jczd\Admin\Home\Service\CommonService.class.php 第 13 行.
SQL: SHOW COLUMNS FROM `ea_inform` [ RunTime:0.004418s ]
SQL: SELECT COUNT(*) AS tp_count FROM `ea_inform` LIMIT 1   [ RunTime:0.000257s ]
NOTIC: [2] Missing argument 3 for Org\Util\Page::__construct(), called in D:\wamp\www\Jczd\Admin\Home\Controller\CommonController.class.php on line 137 and defined D:\wamp\www\Jczd\ThinkPHP\Library\Org\Util\Page.class.php 第 46 行.
SQL: SELECT * FROM `ea_inform` ORDER BY id DESC LIMIT 0,10   [ RunTime:0.001090s ]
SQL: SHOW COLUMNS FROM `ea_field` [ RunTime:0.003687s ]
SQL: SELECT * FROM `ea_field` WHERE ( `model_id` = 10 ) AND ( `is_list_show` = 1 )  [ RunTime:0.000691s ]
SQL: SHOW COLUMNS FROM `ea_input` [ RunTime:0.003652s ]
SQL: SELECT * FROM `ea_input` WHERE ( 1=1 AND field_id='57' ) LIMIT 1   [ RunTime:0.000542s ]
SQL: SELECT * FROM `ea_input` WHERE ( 1=1 AND field_id='58' ) LIMIT 1   [ RunTime:0.000438s ]
SQL: SELECT * FROM `ea_input` WHERE ( 1=1 AND field_id='59' ) LIMIT 1   [ RunTime:0.000374s ]
SQL: SELECT * FROM `ea_input` WHERE ( 1=1 AND field_id='60' ) LIMIT 1   [ RunTime:0.000340s ]
SQL: SELECT * FROM `ea_input` WHERE ( 1=1 AND field_id='61' ) LIMIT 1   [ RunTime:0.000347s ]
SQL: SELECT * FROM `ea_input` WHERE ( 1=1 AND field_id='62' ) LIMIT 1   [ RunTime:0.000376s ]
SQL: SELECT * FROM `ea_input` WHERE ( 1=1 AND field_id='63' ) LIMIT 1   [ RunTime:0.000660s ]
INFO: [ view_parse ] --START--
INFO: [ template_filter ] --START--
INFO: Run Behavior\ContentReplaceBehavior [ RunTime:0.000148s ]
INFO: [ template_filter ] --END-- [ RunTime:0.000269s ]
NOTIC: [8] Use of undefined constant current_account - assumed 'current_account' D:\wamp\www\Jczd\Cache\Runtime\Admin\Cache\Home\ac45f0349d1388019370746ee08b2d8d.php 第 67 行.
NOTIC: [8] Use of undefined constant email - assumed 'email' D:\wamp\www\Jczd\Cache\Runtime\Admin\Cache\Home\ac45f0349d1388019370746ee08b2d8d.php 第 67 行.
INFO: Run Behavior\ParseTemplateBehavior [ RunTime:0.030302s ]
INFO: [ view_parse ] --END-- [ RunTime:0.030530s ]
INFO: [ view_filter ] --START--
INFO: Run Behavior\WriteHtmlCacheBehavior [ RunTime:0.000451s ]
INFO: Run Behavior\TokenBuildBehavior [ RunTime:0.000743s ]
INFO: [ view_filter ] --END-- [ RunTime:0.001364s ]
INFO: [ app_end ] --START--
INFO: Run Behavior\ShowPageTraceBehavior [ RunTime:0.000842s ]
INFO: [ app_end ] --END-- [ RunTime:0.000977s ]

[ 2014-11-09T10:06:34+08:00 ] 127.0.0.1 /Jczd/admin.php/Inform/index.html
INFO: [ app_init ] --START--
INFO: Run Behavior\BuildLiteBehavior [ RunTime:0.000051s ]
INFO: [ app_init ] --END-- [ RunTime:0.000263s ]
INFO: [ app_begin ] --START--
INFO: Run Behavior\ReadHtmlCacheBehavior [ RunTime:0.000936s ]
INFO: [ app_begin ] --END-- [ RunTime:0.001096s ]
SQL: SHOW COLUMNS FROM `ea_admin` [ RunTime:0.004596s ]
SQL: SELECT * FROM `ea_admin` WHERE ( `id` = 1 ) AND ( `is_super` = 1 ) LIMIT 1   [ RunTime:0.000406s ]
NOTIC: [2] Missing argument 2 for Home\Service\CommonService::resultReturn(), called in D:\wamp\www\Jczd\Admin\Home\Service\AdminService.class.php on line 161 and defined D:\wamp\www\Jczd\Admin\Home\Service\CommonService.class.php 第 60 行.
NOTIC: [8] Undefined variable: data D:\wamp\www\Jczd\Admin\Home\Service\CommonService.class.php 第 62 行.
NOTIC: [8] Undefined index: _ACCESS_LIST D:\wamp\www\Jczd\Admin\Home\Controller\CommonController.class.php 第 184 行.
SQL: select node.id,node.name from ea_role as role,ea_role_admin as user,ea_access as access ,ea_node as node where user.user_id='1' and user.role_id=role.id and ( access.role_id=role.id  or (access.role_id=role.pid and role.pid!=0 ) ) and role.status=1 and access.node_id=node.id and node.level=1 and node.status=1 [ RunTime:0.000578s ]
NOTIC: [8] Undefined index: ADMIN D:\wamp\www\Jczd\Admin\Home\Controller\CommonController.class.php 第 226 行.
NOTIC: [8] Undefined index: ADMIN D:\wamp\www\Jczd\Admin\Home\Controller\CommonController.class.php 第 226 行.
NOTIC: [8] Undefined index: ADMIN D:\wamp\www\Jczd\Admin\Home\Controller\CommonController.class.php 第 226 行.
NOTIC: [8] Undefined index: ADMIN D:\wamp\www\Jczd\Admin\Home\Controller\CommonController.class.php 第 226 行.
NOTIC: [8] Undefined index: ADMIN D:\wamp\www\Jczd\Admin\Home\Controller\CommonController.class.php 第 226 行.
NOTIC: [8] Undefined index: ADMIN D:\wamp\www\Jczd\Admin\Home\Controller\CommonController.class.php 第 226 行.
NOTIC: [8] Undefined index: ADMIN D:\wamp\www\Jczd\Admin\Home\Controller\CommonController.class.php 第 226 行.
NOTIC: [8] Undefined index: ADMIN D:\wamp\www\Jczd\Admin\Home\Controller\CommonController.class.php 第 226 行.
NOTIC: [8] Undefined index: ADMIN D:\wamp\www\Jczd\Admin\Home\Controller\CommonController.class.php 第 226 行.
NOTIC: [8] Undefined index: ADMIN D:\wamp\www\Jczd\Admin\Home\Controller\CommonController.class.php 第 226 行.
NOTIC: [8] Undefined index: ADMIN D:\wamp\www\Jczd\Admin\Home\Controller\CommonController.class.php 第 243 行.
NOTIC: [2048] Only variables should be passed by reference D:\wamp\www\Jczd\Admin\Home\Controller\CommonController.class.php 第 251 行.
NOTIC: [2048] Only variables should be passed by reference D:\wamp\www\Jczd\Admin\Home\Controller\CommonController.class.php 第 251 行.
SQL: SHOW COLUMNS FROM `ea_model` [ RunTime:0.004656s ]
SQL: SELECT * FROM `ea_model` WHERE ( `tbl_name` = 'ea_inform' ) LIMIT 1   [ RunTime:0.000426s ]
NOTIC: [4096] Argument 1 passed to Home\Service\CommonService::getCount() must be of the type array, null given, called in D:\wamp\www\Jczd\Admin\Home\Controller\CommonController.class.php on line 135 and defined D:\wamp\www\Jczd\Admin\Home\Service\CommonService.class.php 第 13 行.
SQL: SHOW COLUMNS FROM `ea_inform` [ RunTime:0.004909s ]
SQL: SELECT COUNT(*) AS tp_count FROM `ea_inform` LIMIT 1   [ RunTime:0.000280s ]
NOTIC: [2] Missing argument 3 for Org\Util\Page::__construct(), called in D:\wamp\www\Jczd\Admin\Home\Controller\CommonController.class.php on line 137 and defined D:\wamp\www\Jczd\ThinkPHP\Library\Org\Util\Page.class.php 第 46 行.
SQL: SELECT * FROM `ea_inform` ORDER BY id DESC LIMIT 0,10   [ RunTime:0.000422s ]
SQL: SHOW COLUMNS FROM `ea_field` [ RunTime:0.003551s ]
SQL: SELECT * FROM `ea_field` WHERE ( `model_id` = 10 ) AND ( `is_list_show` = 1 )  [ RunTime:0.000710s ]
SQL: SHOW COLUMNS FROM `ea_input` [ RunTime:0.005618s ]
SQL: SELECT * FROM `ea_input` WHERE ( 1=1 AND field_id='57' ) LIMIT 1   [ RunTime:0.000419s ]
SQL: SELECT * FROM `ea_input` WHERE ( 1=1 AND field_id='58' ) LIMIT 1   [ RunTime:0.000308s ]
SQL: SELECT * FROM `ea_input` WHERE ( 1=1 AND field_id='59' ) LIMIT 1   [ RunTime:0.000253s ]
SQL: SELECT * FROM `ea_input` WHERE ( 1=1 AND field_id='60' ) LIMIT 1   [ RunTime:0.000515s ]
SQL: SELECT * FROM `ea_input` WHERE ( 1=1 AND field_id='61' ) LIMIT 1   [ RunTime:0.000406s ]
SQL: SELECT * FROM `ea_input` WHERE ( 1=1 AND field_id='62' ) LIMIT 1   [ RunTime:0.000432s ]
SQL: SELECT * FROM `ea_input` WHERE ( 1=1 AND field_id='63' ) LIMIT 1   [ RunTime:0.000343s ]
INFO: [ view_parse ] --START--
INFO: [ template_filter ] --START--
INFO: Run Behavior\ContentReplaceBehavior [ RunTime:0.000217s ]
INFO: [ template_filter ] --END-- [ RunTime:0.000402s ]
NOTIC: [8] Use of undefined constant current_account - assumed 'current_account' D:\wamp\www\Jczd\Cache\Runtime\Admin\Cache\Home\ac45f0349d1388019370746ee08b2d8d.php 第 67 行.
NOTIC: [8] Use of undefined constant email - assumed 'email' D:\wamp\www\Jczd\Cache\Runtime\Admin\Cache\Home\ac45f0349d1388019370746ee08b2d8d.php 第 67 行.
INFO: Run Behavior\ParseTemplateBehavior [ RunTime:0.033693s ]
INFO: [ view_parse ] --END-- [ RunTime:0.034045s ]
INFO: [ view_filter ] --START--
INFO: Run Behavior\WriteHtmlCacheBehavior [ RunTime:0.000620s ]
INFO: Run Behavior\TokenBuildBehavior [ RunTime:0.000633s ]
INFO: [ view_filter ] --END-- [ RunTime:0.001511s ]
INFO: [ app_end ] --START--
INFO: Run Behavior\ShowPageTraceBehavior [ RunTime:0.000668s ]
INFO: [ app_end ] --END-- [ RunTime:0.000769s ]

[ 2014-11-09T10:06:35+08:00 ] 127.0.0.1 /Jczd/admin.php/Report/index.html
INFO: [ app_init ] --START--
INFO: Run Behavior\BuildLiteBehavior [ RunTime:0.000089s ]
INFO: [ app_init ] --END-- [ RunTime:0.000791s ]
INFO: [ app_begin ] --START--
INFO: Run Behavior\ReadHtmlCacheBehavior [ RunTime:0.000985s ]
INFO: [ app_begin ] --END-- [ RunTime:0.001878s ]
SQL: SHOW COLUMNS FROM `ea_admin` [ RunTime:0.004643s ]
SQL: SELECT * FROM `ea_admin` WHERE ( `id` = 1 ) AND ( `is_super` = 1 ) LIMIT 1   [ RunTime:0.000379s ]
NOTIC: [2] Missing argument 2 for Home\Service\CommonService::resultReturn(), called in D:\wamp\www\Jczd\Admin\Home\Service\AdminService.class.php on line 161 and defined D:\wamp\www\Jczd\Admin\Home\Service\CommonService.class.php 第 60 行.
NOTIC: [8] Undefined variable: data D:\wamp\www\Jczd\Admin\Home\Service\CommonService.class.php 第 62 行.
NOTIC: [8] Undefined index: _ACCESS_LIST D:\wamp\www\Jczd\Admin\Home\Controller\CommonController.class.php 第 184 行.
SQL: select node.id,node.name from ea_role as role,ea_role_admin as user,ea_access as access ,ea_node as node where user.user_id='1' and user.role_id=role.id and ( access.role_id=role.id  or (access.role_id=role.pid and role.pid!=0 ) ) and role.status=1 and access.node_id=node.id and node.level=1 and node.status=1 [ RunTime:0.000561s ]
NOTIC: [8] Undefined index: ADMIN D:\wamp\www\Jczd\Admin\Home\Controller\CommonController.class.php 第 226 行.
NOTIC: [8] Undefined index: ADMIN D:\wamp\www\Jczd\Admin\Home\Controller\CommonController.class.php 第 226 行.
NOTIC: [8] Undefined index: ADMIN D:\wamp\www\Jczd\Admin\Home\Controller\CommonController.class.php 第 226 行.
NOTIC: [8] Undefined index: ADMIN D:\wamp\www\Jczd\Admin\Home\Controller\CommonController.class.php 第 226 行.
NOTIC: [8] Undefined index: ADMIN D:\wamp\www\Jczd\Admin\Home\Controller\CommonController.class.php 第 226 行.
NOTIC: [8] Undefined index: ADMIN D:\wamp\www\Jczd\Admin\Home\Controller\CommonController.class.php 第 226 行.
NOTIC: [8] Undefined index: ADMIN D:\wamp\www\Jczd\Admin\Home\Controller\CommonController.class.php 第 226 行.
NOTIC: [8] Undefined index: ADMIN D:\wamp\www\Jczd\Admin\Home\Controller\CommonController.class.php 第 226 行.
NOTIC: [8] Undefined index: ADMIN D:\wamp\www\Jczd\Admin\Home\Controller\CommonController.class.php 第 226 行.
NOTIC: [8] Undefined index: ADMIN D:\wamp\www\Jczd\Admin\Home\Controller\CommonController.class.php 第 226 行.
NOTIC: [8] Undefined index: ADMIN D:\wamp\www\Jczd\Admin\Home\Controller\CommonController.class.php 第 243 行.
NOTIC: [2048] Only variables should be passed by reference D:\wamp\www\Jczd\Admin\Home\Controller\CommonController.class.php 第 251 行.
NOTIC: [2048] Only variables should be passed by reference D:\wamp\www\Jczd\Admin\Home\Controller\CommonController.class.php 第 251 行.
SQL: SHOW COLUMNS FROM `ea_model` [ RunTime:0.004717s ]
SQL: SELECT * FROM `ea_model` WHERE ( `tbl_name` = 'ea_report' ) LIMIT 1   [ RunTime:0.000497s ]
NOTIC: [4096] Argument 1 passed to Home\Service\CommonService::getCount() must be of the type array, null given, called in D:\wamp\www\Jczd\Admin\Home\Controller\CommonController.class.php on line 135 and defined D:\wamp\www\Jczd\Admin\Home\Service\CommonService.class.php 第 13 行.
SQL: SHOW COLUMNS FROM `ea_report` [ RunTime:0.003592s ]
SQL: SELECT COUNT(*) AS tp_count FROM `ea_report` LIMIT 1   [ RunTime:0.000360s ]
NOTIC: [2] Missing argument 3 for Org\Util\Page::__construct(), called in D:\wamp\www\Jczd\Admin\Home\Controller\CommonController.class.php on line 137 and defined D:\wamp\www\Jczd\ThinkPHP\Library\Org\Util\Page.class.php 第 46 行.
SQL: SELECT * FROM `ea_report` ORDER BY id DESC LIMIT 0,10   [ RunTime:0.004301s ]
SQL: SHOW COLUMNS FROM `ea_field` [ RunTime:0.004500s ]
SQL: SELECT * FROM `ea_field` WHERE ( `model_id` = 4 ) AND ( `is_list_show` = 1 )  [ RunTime:0.000657s ]
SQL: SHOW COLUMNS FROM `ea_input` [ RunTime:0.003838s ]
SQL: SELECT * FROM `ea_input` WHERE ( 1=1 AND field_id='13' ) LIMIT 1   [ RunTime:0.000483s ]
SQL: SELECT * FROM `ea_input` WHERE ( 1=1 AND field_id='14' ) LIMIT 1   [ RunTime:0.000427s ]
SQL: SELECT * FROM `ea_input` WHERE ( 1=1 AND field_id='15' ) LIMIT 1   [ RunTime:0.000423s ]
SQL: SELECT * FROM `ea_input` WHERE ( 1=1 AND field_id='32' ) LIMIT 1   [ RunTime:0.000472s ]
SQL: SELECT * FROM `ea_input` WHERE ( 1=1 AND field_id='33' ) LIMIT 1   [ RunTime:0.000541s ]
INFO: [ view_parse ] --START--
INFO: [ template_filter ] --START--
INFO: Run Behavior\ContentReplaceBehavior [ RunTime:0.000159s ]
INFO: [ template_filter ] --END-- [ RunTime:0.000327s ]
NOTIC: [8] Use of undefined constant current_account - assumed 'current_account' D:\wamp\www\Jczd\Cache\Runtime\Admin\Cache\Home\ac45f0349d1388019370746ee08b2d8d.php 第 67 行.
NOTIC: [8] Use of undefined constant email - assumed 'email' D:\wamp\www\Jczd\Cache\Runtime\Admin\Cache\Home\ac45f0349d1388019370746ee08b2d8d.php 第 67 行.
INFO: Run Behavior\ParseTemplateBehavior [ RunTime:0.038865s ]
INFO: [ view_parse ] --END-- [ RunTime:0.039040s ]
INFO: [ view_filter ] --START--
INFO: Run Behavior\WriteHtmlCacheBehavior [ RunTime:0.000603s ]
INFO: Run Behavior\TokenBuildBehavior [ RunTime:0.000736s ]
INFO: [ view_filter ] --END-- [ RunTime:0.001550s ]
INFO: [ app_end ] --START--
INFO: Run Behavior\ShowPageTraceBehavior [ RunTime:0.001364s ]
INFO: [ app_end ] --END-- [ RunTime:0.001557s ]

[ 2014-11-09T10:11:02+08:00 ] 127.0.0.1 /Jczd/admin.php/Report/index.html
INFO: [ app_init ] --START--
INFO: Run Behavior\BuildLiteBehavior [ RunTime:0.000030s ]
INFO: [ app_init ] --END-- [ RunTime:0.000160s ]
INFO: [ app_begin ] --START--
INFO: Run Behavior\ReadHtmlCacheBehavior [ RunTime:0.001039s ]
INFO: [ app_begin ] --END-- [ RunTime:0.001185s ]
SQL: SHOW COLUMNS FROM `ea_admin` [ RunTime:0.002744s ]
SQL: SELECT * FROM `ea_admin` WHERE ( `id` = 1 ) AND ( `is_super` = 1 ) LIMIT 1   [ RunTime:0.000395s ]
NOTIC: [2] Missing argument 2 for Home\Service\CommonService::resultReturn(), called in D:\wamp\www\Jczd\Admin\Home\Service\AdminService.class.php on line 161 and defined D:\wamp\www\Jczd\Admin\Home\Service\CommonService.class.php 第 60 行.
NOTIC: [8] Undefined variable: data D:\wamp\www\Jczd\Admin\Home\Service\CommonService.class.php 第 62 行.
NOTIC: [8] Undefined index: _ACCESS_LIST D:\wamp\www\Jczd\Admin\Home\Controller\CommonController.class.php 第 184 行.
SQL: select node.id,node.name from ea_role as role,ea_role_admin as user,ea_access as access ,ea_node as node where user.user_id='1' and user.role_id=role.id and ( access.role_id=role.id  or (access.role_id=role.pid and role.pid!=0 ) ) and role.status=1 and access.node_id=node.id and node.level=1 and node.status=1 [ RunTime:0.000542s ]
NOTIC: [8] Undefined index: ADMIN D:\wamp\www\Jczd\Admin\Home\Controller\CommonController.class.php 第 226 行.
NOTIC: [8] Undefined index: ADMIN D:\wamp\www\Jczd\Admin\Home\Controller\CommonController.class.php 第 226 行.
NOTIC: [8] Undefined index: ADMIN D:\wamp\www\Jczd\Admin\Home\Controller\CommonController.class.php 第 226 行.
NOTIC: [8] Undefined index: ADMIN D:\wamp\www\Jczd\Admin\Home\Controller\CommonController.class.php 第 226 行.
NOTIC: [8] Undefined index: ADMIN D:\wamp\www\Jczd\Admin\Home\Controller\CommonController.class.php 第 226 行.
NOTIC: [8] Undefined index: ADMIN D:\wamp\www\Jczd\Admin\Home\Controller\CommonController.class.php 第 226 行.
NOTIC: [8] Undefined index: ADMIN D:\wamp\www\Jczd\Admin\Home\Controller\CommonController.class.php 第 226 行.
NOTIC: [8] Undefined index: ADMIN D:\wamp\www\Jczd\Admin\Home\Controller\CommonController.class.php 第 226 行.
NOTIC: [8] Undefined index: ADMIN D:\wamp\www\Jczd\Admin\Home\Controller\CommonController.class.php 第 226 行.
NOTIC: [8] Undefined index: ADMIN D:\wamp\www\Jczd\Admin\Home\Controller\CommonController.class.php 第 226 行.
NOTIC: [8] Undefined index: ADMIN D:\wamp\www\Jczd\Admin\Home\Controller\CommonController.class.php 第 243 行.
NOTIC: [2048] Only variables should be passed by reference D:\wamp\www\Jczd\Admin\Home\Controller\CommonController.class.php 第 251 行.
NOTIC: [2048] Only variables should be passed by reference D:\wamp\www\Jczd\Admin\Home\Controller\CommonController.class.php 第 251 行.
SQL: SHOW COLUMNS FROM `ea_model` [ RunTime:0.003952s ]
SQL: SELECT * FROM `ea_model` WHERE ( `tbl_name` = 'ea_report' ) LIMIT 1   [ RunTime:0.000409s ]
NOTIC: [4096] Argument 1 passed to Home\Service\CommonService::getCount() must be of the type array, null given, called in D:\wamp\www\Jczd\Admin\Home\Controller\CommonController.class.php on line 135 and defined D:\wamp\www\Jczd\Admin\Home\Service\CommonService.class.php 第 13 行.
SQL: SHOW COLUMNS FROM `ea_report` [ RunTime:0.003723s ]
SQL: SELECT COUNT(*) AS tp_count FROM `ea_report` LIMIT 1   [ RunTime:0.000302s ]
NOTIC: [2] Missing argument 3 for Org\Util\Page::__construct(), called in D:\wamp\www\Jczd\Admin\Home\Controller\CommonController.class.php on line 137 and defined D:\wamp\www\Jczd\ThinkPHP\Library\Org\Util\Page.class.php 第 46 行.
SQL: SELECT * FROM `ea_report` ORDER BY id DESC LIMIT 0,10   [ RunTime:0.004238s ]
SQL: SHOW COLUMNS FROM `ea_field` [ RunTime:0.003074s ]
SQL: SELECT * FROM `ea_field` WHERE ( `model_id` = 4 ) AND ( `is_list_show` = 1 )  [ RunTime:0.000585s ]
SQL: SHOW COLUMNS FROM `ea_input` [ RunTime:0.003133s ]
SQL: SELECT * FROM `ea_input` WHERE ( 1=1 AND field_id='13' ) LIMIT 1   [ RunTime:0.001192s ]
SQL: SELECT * FROM `ea_input` WHERE ( 1=1 AND field_id='14' ) LIMIT 1   [ RunTime:0.000396s ]
SQL: SELECT * FROM `ea_input` WHERE ( 1=1 AND field_id='15' ) LIMIT 1   [ RunTime:0.000288s ]
SQL: SELECT * FROM `ea_input` WHERE ( 1=1 AND field_id='32' ) LIMIT 1   [ RunTime:0.000266s ]
SQL: SELECT * FROM `ea_input` WHERE ( 1=1 AND field_id='33' ) LIMIT 1   [ RunTime:0.000244s ]
INFO: [ view_parse ] --START--
INFO: [ template_filter ] --START--
INFO: Run Behavior\ContentReplaceBehavior [ RunTime:0.000239s ]
INFO: [ template_filter ] --END-- [ RunTime:0.000483s ]
NOTIC: [8] Use of undefined constant current_account - assumed 'current_account' D:\wamp\www\Jczd\Cache\Runtime\Admin\Cache\Home\ac45f0349d1388019370746ee08b2d8d.php 第 67 行.
NOTIC: [8] Use of undefined constant email - assumed 'email' D:\wamp\www\Jczd\Cache\Runtime\Admin\Cache\Home\ac45f0349d1388019370746ee08b2d8d.php 第 67 行.
INFO: Run Behavior\ParseTemplateBehavior [ RunTime:0.063212s ]
INFO: [ view_parse ] --END-- [ RunTime:0.063424s ]
INFO: [ view_filter ] --START--
INFO: Run Behavior\WriteHtmlCacheBehavior [ RunTime:0.000878s ]
INFO: Run Behavior\TokenBuildBehavior [ RunTime:0.000656s ]
INFO: [ view_filter ] --END-- [ RunTime:0.001785s ]
INFO: [ app_end ] --START--
INFO: Run Behavior\ShowPageTraceBehavior [ RunTime:0.001376s ]
INFO: [ app_end ] --END-- [ RunTime:0.001612s ]

